Using pre-set license
Built from '2022.3/staging' branch; Version is '2022.3.26f1 (ec6cd8118806) revision 15494360'; Using compiler version '192829333'; Build Type 'Release'
OS: 'Windows 10  (10.0.19045) 64bit Core' Language: 'en' Physical Memory: 16300 MB
BatchMode: 1, IsHumanControllingUs: 0, StartBugReporterOnCrash: 0, Is64bit: 1, IsPro: 1

COMMAND LINE ARGUMENTS:
C:\Program Files\Unity\Hub\Editor\2022.3.26f1\Editor\Unity.exe
-adb2
-batchMode
-noUpm
-name
AssetImportWorker0
-projectPath
E:/University Work/Year 2/CMP5362 Game Studio Production A S1/Time-Attack-Arcade-Game/Time_Attack
-logFile
Logs/AssetImportWorker0.log
-srvPort
61785
Successfully changed project path to: E:/University Work/Year 2/CMP5362 Game Studio Production A S1/Time-Attack-Arcade-Game/Time_Attack
E:/University Work/Year 2/CMP5362 Game Studio Production A S1/Time-Attack-Arcade-Game/Time_Attack
[UnityMemory] Configuration Parameters - Can be set up in boot.config
    "memorysetup-bucket-allocator-granularity=16"
    "memorysetup-bucket-allocator-bucket-count=8"
    "memorysetup-bucket-allocator-block-size=33554432"
    "memorysetup-bucket-allocator-block-count=8"
    "memorysetup-main-allocator-block-size=16777216"
    "memorysetup-thread-allocator-block-size=16777216"
    "memorysetup-gfx-main-allocator-block-size=16777216"
    "memorysetup-gfx-thread-allocator-block-size=16777216"
    "memorysetup-cache-allocator-block-size=4194304"
    "memorysetup-typetree-allocator-block-size=2097152"
    "memorysetup-profiler-bucket-allocator-granularity=16"
    "memorysetup-profiler-bucket-allocator-bucket-count=8"
    "memorysetup-profiler-bucket-allocator-block-size=33554432"
    "memorysetup-profiler-bucket-allocator-block-count=8"
    "memorysetup-profiler-allocator-block-size=16777216"
    "memorysetup-profiler-editor-allocator-block-size=1048576"
    "memorysetup-temp-allocator-size-main=16777216"
    "memorysetup-job-temp-allocator-block-size=2097152"
    "memorysetup-job-temp-allocator-block-size-background=1048576"
    "memorysetup-job-temp-allocator-reduction-small-platforms=262144"
    "memorysetup-allocator-temp-initial-block-size-main=262144"
    "memorysetup-allocator-temp-initial-block-size-worker=262144"
    "memorysetup-temp-allocator-size-background-worker=32768"
    "memorysetup-temp-allocator-size-job-worker=262144"
    "memorysetup-temp-allocator-size-preload-manager=33554432"
    "memorysetup-temp-allocator-size-nav-mesh-worker=65536"
    "memorysetup-temp-allocator-size-audio-worker=65536"
    "memorysetup-temp-allocator-size-cloud-worker=32768"
    "memorysetup-temp-allocator-size-gi-baking-worker=262144"
    "memorysetup-temp-allocator-size-gfx=262144"
Player connection [1576] Host "[IP] 192.168.1.148 [Port] 0 [Flags] 2 [Guid] 1575769090 [EditorId] 1575769090 [Version] 1048832 [Id] WindowsEditor(7,DESKTOP-CDHFL6D) [Debug] 1 [PackageName] WindowsEditor [ProjectName] Editor" joined multi-casting on [225.0.0.222:54997]...

Player connection [1576] Host "[IP] 192.168.1.148 [Port] 0 [Flags] 2 [Guid] 1575769090 [EditorId] 1575769090 [Version] 1048832 [Id] WindowsEditor(7,DESKTOP-CDHFL6D) [Debug] 1 [PackageName] WindowsEditor [ProjectName] Editor" joined alternative multi-casting on [225.0.0.222:34997]...

[Physics::Module] Initialized MultithreadedJobDispatcher with 15 workers.
Refreshing native plugins compatible for Editor in 6.64 ms, found 3 plugins.
Preloading 0 native plugins for Editor in 0.00 ms.
Initialize engine version: 2022.3.26f1 (ec6cd8118806)
[Subsystems] Discovering subsystems at path C:/Program Files/Unity/Hub/Editor/2022.3.26f1/Editor/Data/Resources/UnitySubsystems
[Subsystems] Discovering subsystems at path E:/University Work/Year 2/CMP5362 Game Studio Production A S1/Time-Attack-Arcade-Game/Time_Attack/Assets
GfxDevice: creating device client; threaded=0; jobified=0
Direct3D:
    Version:  Direct3D 11.0 [level 11.1]
    Renderer: NVIDIA GeForce RTX 3070 (ID=0x2484)
    Vendor:   NVIDIA
    VRAM:     8018 MB
    Driver:   32.0.15.6094
Initialize mono
Mono path[0] = 'C:/Program Files/Unity/Hub/Editor/2022.3.26f1/Editor/Data/Managed'
Mono path[1] = 'C:/Program Files/Unity/Hub/Editor/2022.3.26f1/Editor/Data/MonoBleedingEdge/lib/mono/unityjit-win32'
Mono config path = 'C:/Program Files/Unity/Hub/Editor/2022.3.26f1/Editor/Data/MonoBleedingEdge/etc'
Using monoOptions --debugger-agent=transport=dt_socket,embedding=1,server=y,suspend=n,address=127.0.0.1:56968
Begin MonoManager ReloadAssembly
Registering precompiled unity dll's ...
Register platform support module: C:/Program Files/Unity/Hub/Editor/2022.3.26f1/Editor/Data/PlaybackEngines/WindowsStandaloneSupport/UnityEditor.WindowsStandalone.Extensions.dll
Registered in 0.009266 seconds.
- Loaded All Assemblies, in  0.336 seconds
Native extension for WindowsStandalone target not found
Mono: successfully reloaded assembly
- Finished resetting the current domain, in  0.250 seconds
Domain Reload Profiling: 584ms
	BeginReloadAssembly (100ms)
		ExecutionOrderSort (0ms)
		DisableScriptedObjects (0ms)
		BackupInstance (0ms)
		ReleaseScriptingObjects (0ms)
		CreateAndSetChildDomain (1ms)
	RebuildCommonClasses (31ms)
	RebuildNativeTypeToScriptingClass (10ms)
	initialDomainReloadingComplete (58ms)
	LoadAllAssembliesAndSetupDomain (135ms)
		LoadAssemblies (98ms)
		RebuildTransferFunctionScriptingTraits (0ms)
		AnalyzeDomain (133ms)
			TypeCache.Refresh (132ms)
				TypeCache.ScanAssembly (116ms)
			ScanForSourceGeneratedMonoScriptInfo (0ms)
			ResolveRequiredComponents (0ms)
	FinalizeReload (250ms)
		ReleaseScriptCaches (0ms)
		RebuildScriptCaches (0ms)
		SetupLoadedEditorAssemblies (198ms)
			LogAssemblyErrors (0ms)
			InitializePlatformSupportModulesInManaged (9ms)
			SetLoadedEditorAssemblies (6ms)
			RefreshPlugins (0ms)
			BeforeProcessingInitializeOnLoad (2ms)
			ProcessInitializeOnLoadAttributes (139ms)
			ProcessInitializeOnLoadMethodAttributes (43ms)
			AfterProcessingInitializeOnLoad (0ms)
			EditorAssembliesLoaded (0ms)
		ExecutionOrderSort2 (0ms)
		AwakeInstancesAfterBackupRestoration (0ms)
========================================================================
Worker process is ready to serve import requests
Begin MonoManager ReloadAssembly
- Loaded All Assemblies, in  0.567 seconds
Refreshing native plugins compatible for Editor in 2.83 ms, found 3 plugins.
Native extension for WindowsStandalone target not found
Package Manager log level set to [2]
[Package Manager] Server::EnsureServerProcessIsRunning -- launch failed, reason: Unity was launched with the -noUpm command-line argument
[Package Manager] UpmClient::Send -- Unable to send message (not connected to UPM process).
[Package Manager] Cannot connect to Unity Package Manager local server
Mono: successfully reloaded assembly
- Finished resetting the current domain, in  0.514 seconds
Domain Reload Profiling: 1078ms
	BeginReloadAssembly (133ms)
		ExecutionOrderSort (0ms)
		DisableScriptedObjects (5ms)
		BackupInstance (0ms)
		ReleaseScriptingObjects (0ms)
		CreateAndSetChildDomain (18ms)
	RebuildCommonClasses (30ms)
	RebuildNativeTypeToScriptingClass (10ms)
	initialDomainReloadingComplete (39ms)
	LoadAllAssembliesAndSetupDomain (353ms)
		LoadAssemblies (272ms)
		RebuildTransferFunctionScriptingTraits (0ms)
		AnalyzeDomain (161ms)
			TypeCache.Refresh (139ms)
				TypeCache.ScanAssembly (126ms)
			ScanForSourceGeneratedMonoScriptInfo (15ms)
			ResolveRequiredComponents (5ms)
	FinalizeReload (514ms)
		ReleaseScriptCaches (0ms)
		RebuildScriptCaches (0ms)
		SetupLoadedEditorAssemblies (380ms)
			LogAssemblyErrors (0ms)
			InitializePlatformSupportModulesInManaged (6ms)
			SetLoadedEditorAssemblies (3ms)
			RefreshPlugins (0ms)
			BeforeProcessingInitializeOnLoad (53ms)
			ProcessInitializeOnLoadAttributes (292ms)
			ProcessInitializeOnLoadMethodAttributes (18ms)
			AfterProcessingInitializeOnLoad (8ms)
			EditorAssembliesLoaded (0ms)
		ExecutionOrderSort2 (0ms)
		AwakeInstancesAfterBackupRestoration (6ms)
Launched and connected shader compiler UnityShaderCompiler.exe after 0.05 seconds
Refreshing native plugins compatible for Editor in 2.95 ms, found 3 plugins.
Preloading 0 native plugins for Editor in 0.00 ms.
Unloading 3301 Unused Serialized files (Serialized files now loaded: 0)
Unloading 46 unused Assets / (130.9 KB). Loaded Objects now: 3760.
Memory consumption went from 126.0 MB to 125.9 MB.
Total: 2.685600 ms (FindLiveObjects: 0.264500 ms CreateObjectMapping: 0.237900 ms MarkObjects: 2.076500 ms  DeleteObjects: 0.106000 ms)

AssetImportParameters requested are different than current active one (requested -> active):
  custom:container-demuxer-ogg: 62fdf1f143b41e24485cea50d1cbac27 -> 
  custom:video-codec-MediaFoundation-h265: e54d7ab0439102e2317fc1e4b246158d -> 
  custom:video-decoder-ogg-theora: a1e56fd34408186e4bbccfd4996cb3dc -> 
  custom:framework-win-MediaFoundation: 216162199b28c13a410421893ffa2e32 -> 
  custom:CustomObjectIndexerAttribute: 9a22284fe3817be447336de3de66b15e -> 
  custom:container-demuxer-webm: 4f35f7cbe854078d1ac9338744f61a02 -> 
  custom:container-muxer-webm: aa71ff27fc2769a1b78a27578f13a17b -> 
  custom:video-decoder-webm-vp8: 9c59270c3fd7afecdb556c50c9e8de78 -> 
  custom:SearchIndexIgnoredProperties: e643bd26f0fe6173181afceb89e7c659 -> 
  custom:AudioImporter_EditorPlatform: d09bf68614088b80899f8185d706f6e7 -> 
  custom:video-encoder-webm-vp8: eb34c28f22e8b96e1ab97ce403110664 -> 
  custom:audio-decoder-ogg-vorbis: bf7c407c2cedff20999df2af8eb42d56 -> 
  custom:audio-encoder-webm-vorbis: bf7c407c2cedff20999df2af8eb42d56 -> 
========================================================================
Received Import Request.
  Time since last request: 4510.643854 seconds.
  path: Assets/Scenes/SampleScene.unity
  artifactKey: Guid(e963da3b995df23409342c1905d0e4ea) Importer(815301076,1909f56bfc062723c751e8b465ee728b)
Start importing Assets/Scenes/SampleScene.unity using Guid(e963da3b995df23409342c1905d0e4ea) Importer(815301076,1909f56bfc062723c751e8b465ee728b)  -> (artifact id: '132cb5548cb462945e56f0c1afff3728') in 0.002063 seconds
Number of updated asset objects reloaded before import = 0
Number of asset objects unloaded after import = 0
========================================================================
Received Import Request.
  Time since last request: 1.886205 seconds.
  path: Assets/Assets
  artifactKey: Guid(21f58461e03797447ba93c6717d8f4c2) Importer(815301076,1909f56bfc062723c751e8b465ee728b)
Start importing Assets/Assets using Guid(21f58461e03797447ba93c6717d8f4c2) Importer(815301076,1909f56bfc062723c751e8b465ee728b)  -> (artifact id: 'b475f2afc5cfe251d6170cc3c570ce4e') in 0.000339 seconds
Number of updated asset objects reloaded before import = 0
Number of asset objects unloaded after import = 0
========================================================================
Received Import Request.
  Time since last request: 2.408675 seconds.
  path: Assets/Assets/SimpleMaterials
  artifactKey: Guid(afbf3b578dd46ed42bc5ebc9c74b4e00) Importer(815301076,1909f56bfc062723c751e8b465ee728b)
Start importing Assets/Assets/SimpleMaterials using Guid(afbf3b578dd46ed42bc5ebc9c74b4e00) Importer(815301076,1909f56bfc062723c751e8b465ee728b)  -> (artifact id: 'dde32f0690b26a6decddad2c86d4ed55') in 0.000319 seconds
Number of updated asset objects reloaded before import = 0
Number of asset objects unloaded after import = 0
========================================================================
Received Import Request.
  Time since last request: 0.091980 seconds.
  path: Assets/Assets/SimpleMaterials/Grey.mat
  artifactKey: Guid(2a77cc5b9ba6cda41b2d476c3a9aec71) Importer(815301076,1909f56bfc062723c751e8b465ee728b)
Start importing Assets/Assets/SimpleMaterials/Grey.mat using Guid(2a77cc5b9ba6cda41b2d476c3a9aec71) Importer(815301076,1909f56bfc062723c751e8b465ee728b)  -> (artifact id: 'a4cb034d73b5f4e60667741b14c48924') in 0.235873 seconds
Number of updated asset objects reloaded before import = 0
Number of asset objects unloaded after import = 1
========================================================================
Received Import Request.
  Time since last request: 10.070433 seconds.
  path: Assets/Assets/Car
  artifactKey: Guid(6d493fc074c8764468699263418a87e3) Importer(815301076,1909f56bfc062723c751e8b465ee728b)
Start importing Assets/Assets/Car using Guid(6d493fc074c8764468699263418a87e3) Importer(815301076,1909f56bfc062723c751e8b465ee728b)  -> (artifact id: '7fccf710d049465cae298b7190e14a37') in 0.000325 seconds
Number of updated asset objects reloaded before import = 0
Number of asset objects unloaded after import = 0
========================================================================
Received Import Request.
  Time since last request: 1.003732 seconds.
  path: Assets/Assets/Car/source
  artifactKey: Guid(d0b59b053d4a5a54093ee4f16921fe76) Importer(815301076,1909f56bfc062723c751e8b465ee728b)
Start importing Assets/Assets/Car/source using Guid(d0b59b053d4a5a54093ee4f16921fe76) Importer(815301076,1909f56bfc062723c751e8b465ee728b)  -> (artifact id: '5234f9af07d0f7c2f6e5891fabf72647') in 0.000316 seconds
Number of updated asset objects reloaded before import = 0
Number of asset objects unloaded after import = 0
========================================================================
Received Import Request.
  Time since last request: 0.097627 seconds.
  path: Assets/Assets/Car/source/AE86.fbx
  artifactKey: Guid(2cd97188ab050b842a700afacf56ea1e) Importer(815301076,1909f56bfc062723c751e8b465ee728b)
Start importing Assets/Assets/Car/source/AE86.fbx using Guid(2cd97188ab050b842a700afacf56ea1e) Importer(815301076,1909f56bfc062723c751e8b465ee728b)  -> (artifact id: 'c6747d3d1285d0c30d0f9fed13eed752') in 0.636009 seconds
Number of updated asset objects reloaded before import = 0
Number of asset objects unloaded after import = 88
========================================================================
Received Import Request.
  Time since last request: 39.130113 seconds.
  path: Assets/Assets/Car/source/Materials
  artifactKey: Guid(36970c2c522bebf4cb1853c083a889f9) Importer(815301076,1909f56bfc062723c751e8b465ee728b)
Start importing Assets/Assets/Car/source/Materials using Guid(36970c2c522bebf4cb1853c083a889f9) Importer(815301076,1909f56bfc062723c751e8b465ee728b)  -> (artifact id: 'bed050f569961415562bb1e7068104fd') in 0.000437 seconds
Number of updated asset objects reloaded before import = 0
Number of asset objects unloaded after import = 0
========================================================================
Received Import Request.
  Time since last request: 0.130071 seconds.
  path: Assets/Assets/Car/source/Materials/Brake Disc_color.mat
  artifactKey: Guid(0ffbf32d09821594eaaf672f410c3ed9) Importer(815301076,1909f56bfc062723c751e8b465ee728b)
Start importing Assets/Assets/Car/source/Materials/Brake Disc_color.mat using Guid(0ffbf32d09821594eaaf672f410c3ed9) Importer(815301076,1909f56bfc062723c751e8b465ee728b)  -> (artifact id: '693b932b21ad6c0b9576b8e7cffc0ad9') in 0.009803 seconds
Number of updated asset objects reloaded before import = 0
Number of asset objects unloaded after import = 1
========================================================================
Received Import Request.
  Time since last request: 0.010245 seconds.
  path: Assets/Assets/Car/source/Materials/Cube_color.mat
  artifactKey: Guid(e01ed852c8e610e4f8f79538730ad84d) Importer(815301076,1909f56bfc062723c751e8b465ee728b)
Start importing Assets/Assets/Car/source/Materials/Cube_color.mat using Guid(e01ed852c8e610e4f8f79538730ad84d) Importer(815301076,1909f56bfc062723c751e8b465ee728b)  -> (artifact id: 'f99dfba2c4f9ddf68d2adc9218e77966') in 0.010069 seconds
Number of updated asset objects reloaded before import = 0
Number of asset objects unloaded after import = 1
========================================================================
Received Import Request.
  Time since last request: 0.007840 seconds.
  path: Assets/Assets/Car/source/Materials/Interior2_Base_Color2.mat
  artifactKey: Guid(70ba3dbcab7f4e74c865c687976f3c5e) Importer(815301076,1909f56bfc062723c751e8b465ee728b)
Start importing Assets/Assets/Car/source/Materials/Interior2_Base_Color2.mat using Guid(70ba3dbcab7f4e74c865c687976f3c5e) Importer(815301076,1909f56bfc062723c751e8b465ee728b)  -> (artifact id: '8c8486aceb632c91f56a52ecfb64965f') in 0.011546 seconds
Number of updated asset objects reloaded before import = 0
Number of asset objects unloaded after import = 1
========================================================================
Received Import Request.
  Time since last request: 0.000016 seconds.
  path: Assets/Assets/Car/source/Materials/Primary.mat
  artifactKey: Guid(8eae045a698be2c4cbb7dadaae1f87cf) Importer(815301076,1909f56bfc062723c751e8b465ee728b)
Start importing Assets/Assets/Car/source/Materials/Primary.mat using Guid(8eae045a698be2c4cbb7dadaae1f87cf) Importer(815301076,1909f56bfc062723c751e8b465ee728b)  -> (artifact id: '55fc076e1b1e7d6e8f397fa070bbaf93') in 0.012603 seconds
Number of updated asset objects reloaded before import = 0
Number of asset objects unloaded after import = 1
========================================================================
Received Import Request.
  Time since last request: 0.000015 seconds.
  path: Assets/Assets/Car/source/Materials/TailightFrame.mat
  artifactKey: Guid(93c05cb70247d294092bdafb4403a09d) Importer(815301076,1909f56bfc062723c751e8b465ee728b)
Start importing Assets/Assets/Car/source/Materials/TailightFrame.mat using Guid(93c05cb70247d294092bdafb4403a09d) Importer(815301076,1909f56bfc062723c751e8b465ee728b)  -> (artifact id: '3bd19ece65361ad4c15ecf842f1841f2') in 0.012312 seconds
Number of updated asset objects reloaded before import = 0
Number of asset objects unloaded after import = 1
========================================================================
Received Import Request.
  Time since last request: 0.000017 seconds.
  path: Assets/Assets/Car/source/Materials/WatanabeRim_color.mat
  artifactKey: Guid(d3248f9625cd3cc468398775516d8418) Importer(815301076,1909f56bfc062723c751e8b465ee728b)
Start importing Assets/Assets/Car/source/Materials/WatanabeRim_color.mat using Guid(d3248f9625cd3cc468398775516d8418) Importer(815301076,1909f56bfc062723c751e8b465ee728b)  -> (artifact id: '033c3fe1813bacdf505f3b23b122a586') in 0.009775 seconds
Number of updated asset objects reloaded before import = 0
Number of asset objects unloaded after import = 1
========================================================================
Received Import Request.
  Time since last request: 0.000017 seconds.
  path: Assets/Assets/Car/source/Materials/Tire_color.mat
  artifactKey: Guid(14cde9d5efed38c46a803e0ac5274ad2) Importer(815301076,1909f56bfc062723c751e8b465ee728b)
Start importing Assets/Assets/Car/source/Materials/Tire_color.mat using Guid(14cde9d5efed38c46a803e0ac5274ad2) Importer(815301076,1909f56bfc062723c751e8b465ee728b)  -> (artifact id: '1af9df2f8a6a478b46c3e975c45fff34') in 0.010089 seconds
Number of updated asset objects reloaded before import = 0
Number of asset objects unloaded after import = 1
========================================================================
Received Import Request.
  Time since last request: 0.000016 seconds.
  path: Assets/Assets/Car/source/Materials/Windows.mat
  artifactKey: Guid(b05ce4ecec29a534a9cf3d923809f58c) Importer(815301076,1909f56bfc062723c751e8b465ee728b)
Start importing Assets/Assets/Car/source/Materials/Windows.mat using Guid(b05ce4ecec29a534a9cf3d923809f58c) Importer(815301076,1909f56bfc062723c751e8b465ee728b)  -> (artifact id: '5b7570e72088867b4c585a5f9cca3cf2') in 0.011094 seconds
Number of updated asset objects reloaded before import = 0
Number of asset objects unloaded after import = 1
========================================================================
Received Import Request.
  Time since last request: 0.000015 seconds.
  path: Assets/Assets/Car/source/Materials/LampCovers.mat
  artifactKey: Guid(5ba1eb40603540f449659eb7e60f99e8) Importer(815301076,1909f56bfc062723c751e8b465ee728b)
Start importing Assets/Assets/Car/source/Materials/LampCovers.mat using Guid(5ba1eb40603540f449659eb7e60f99e8) Importer(815301076,1909f56bfc062723c751e8b465ee728b)  -> (artifact id: 'c8e275745944fade5c89e4c86eb16d4c') in 0.011467 seconds
Number of updated asset objects reloaded before import = 0
Number of asset objects unloaded after import = 1
========================================================================
Received Import Request.
  Time since last request: 0.000017 seconds.
  path: Assets/Assets/Car/source/Materials/LicensePlate_Color.mat
  artifactKey: Guid(1b566e2ea151b454bb5e77ffcb171544) Importer(815301076,1909f56bfc062723c751e8b465ee728b)
Start importing Assets/Assets/Car/source/Materials/LicensePlate_Color.mat using Guid(1b566e2ea151b454bb5e77ffcb171544) Importer(815301076,1909f56bfc062723c751e8b465ee728b)  -> (artifact id: '8e0d6730f17eda3c799545e3d512718b') in 0.011525 seconds
Number of updated asset objects reloaded before import = 0
Number of asset objects unloaded after import = 1
========================================================================
Received Import Request.
  Time since last request: 0.000012 seconds.
  path: Assets/Assets/Car/source/Materials/Trim2_Color.mat
  artifactKey: Guid(05c5ef9ee9fe9c64ba82355d5d4d7fe0) Importer(815301076,1909f56bfc062723c751e8b465ee728b)
Start importing Assets/Assets/Car/source/Materials/Trim2_Color.mat using Guid(05c5ef9ee9fe9c64ba82355d5d4d7fe0) Importer(815301076,1909f56bfc062723c751e8b465ee728b)  -> (artifact id: 'deebb6c540db2a73b0aba127146b2cd5') in 0.008970 seconds
Number of updated asset objects reloaded before import = 0
Number of asset objects unloaded after import = 1
========================================================================
Received Import Request.
  Time since last request: 0.000012 seconds.
  path: Assets/Assets/Car/source/Materials/Trueno.mat
  artifactKey: Guid(4cfcffd72f9c2d74b906c07d0fece287) Importer(815301076,1909f56bfc062723c751e8b465ee728b)
Start importing Assets/Assets/Car/source/Materials/Trueno.mat using Guid(4cfcffd72f9c2d74b906c07d0fece287) Importer(815301076,1909f56bfc062723c751e8b465ee728b)  -> (artifact id: 'e86f86a8c6fb76508250134b1bef0c0b') in 0.009747 seconds
Number of updated asset objects reloaded before import = 0
Number of asset objects unloaded after import = 1
========================================================================
Received Import Request.
  Time since last request: 0.000016 seconds.
  path: Assets/Assets/Car/source/Materials/Mirror.mat
  artifactKey: Guid(6f1bb490161ff614ea6d93e7325ea9d1) Importer(815301076,1909f56bfc062723c751e8b465ee728b)
Start importing Assets/Assets/Car/source/Materials/Mirror.mat using Guid(6f1bb490161ff614ea6d93e7325ea9d1) Importer(815301076,1909f56bfc062723c751e8b465ee728b)  -> (artifact id: '84e9ac36ecd030f50f92250680a72f50') in 0.009046 seconds
Number of updated asset objects reloaded before import = 0
Number of asset objects unloaded after import = 1
========================================================================
Received Import Request.
  Time since last request: 0.000016 seconds.
  path: Assets/Assets/Car/source/Materials/Reflector.mat
  artifactKey: Guid(9650f0ba5c6de1c4f946343e6e006861) Importer(815301076,1909f56bfc062723c751e8b465ee728b)
Start importing Assets/Assets/Car/source/Materials/Reflector.mat using Guid(9650f0ba5c6de1c4f946343e6e006861) Importer(815301076,1909f56bfc062723c751e8b465ee728b)  -> (artifact id: '2dad4ea3d8969b5042bbb5b8a9d3a3fb') in 0.009510 seconds
Number of updated asset objects reloaded before import = 0
Number of asset objects unloaded after import = 1
========================================================================
Received Import Request.
  Time since last request: 0.000014 seconds.
  path: Assets/Assets/Car/source/Materials/Trim1.mat
  artifactKey: Guid(910a08c2e5c371244a3b829d42775d5c) Importer(815301076,1909f56bfc062723c751e8b465ee728b)
Start importing Assets/Assets/Car/source/Materials/Trim1.mat using Guid(910a08c2e5c371244a3b829d42775d5c) Importer(815301076,1909f56bfc062723c751e8b465ee728b)  -> (artifact id: '253263e762047acbb21f29aeb076cba6') in 0.010537 seconds
Number of updated asset objects reloaded before import = 0
Number of asset objects unloaded after import = 1
========================================================================
Received Import Request.
  Time since last request: 0.000013 seconds.
  path: Assets/Assets/Car/source/Materials/Interior1_Base_Color.mat
  artifactKey: Guid(d8d59d79c00595b43ae86566a4e1d08f) Importer(815301076,1909f56bfc062723c751e8b465ee728b)
Start importing Assets/Assets/Car/source/Materials/Interior1_Base_Color.mat using Guid(d8d59d79c00595b43ae86566a4e1d08f) Importer(815301076,1909f56bfc062723c751e8b465ee728b)  -> (artifact id: 'a4f7dbaefdeecb93985c4de3cba7f2a7') in 0.010386 seconds
Number of updated asset objects reloaded before import = 0
Number of asset objects unloaded after import = 1
========================================================================
Received Import Request.
  Time since last request: 0.000021 seconds.
  path: Assets/Assets/Car/source/Materials/Interior_Bake1_pbr_diffuse.mat
  artifactKey: Guid(864746119137ce145bd2c3a9eb4f6ec8) Importer(815301076,1909f56bfc062723c751e8b465ee728b)
Start importing Assets/Assets/Car/source/Materials/Interior_Bake1_pbr_diffuse.mat using Guid(864746119137ce145bd2c3a9eb4f6ec8) Importer(815301076,1909f56bfc062723c751e8b465ee728b)  -> (artifact id: '4ce2934eb8142e5c6caec77a7a9792a1') in 0.010401 seconds
Number of updated asset objects reloaded before import = 0
Number of asset objects unloaded after import = 1
========================================================================
Received Import Request.
  Time since last request: 0.000012 seconds.
  path: Assets/Assets/Car/source/Materials/SteeringWheel_color.mat
  artifactKey: Guid(6dddaa944ae068043b61d18ad628239b) Importer(815301076,1909f56bfc062723c751e8b465ee728b)
Start importing Assets/Assets/Car/source/Materials/SteeringWheel_color.mat using Guid(6dddaa944ae068043b61d18ad628239b) Importer(815301076,1909f56bfc062723c751e8b465ee728b)  -> (artifact id: '9e2b81c719e77bfc7438242c5ec5814d') in 0.009256 seconds
Number of updated asset objects reloaded before import = 0
Number of asset objects unloaded after import = 1
========================================================================
Received Import Request.
  Time since last request: 0.000013 seconds.
  path: Assets/Assets/Car/source/Materials/Secondary.mat
  artifactKey: Guid(5ea15e730f436454b94b429b429b3b77) Importer(815301076,1909f56bfc062723c751e8b465ee728b)
Start importing Assets/Assets/Car/source/Materials/Secondary.mat using Guid(5ea15e730f436454b94b429b429b3b77) Importer(815301076,1909f56bfc062723c751e8b465ee728b)  -> (artifact id: 'dfbd501143437b9335385615aa87701e') in 0.010506 seconds
Number of updated asset objects reloaded before import = 0
Number of asset objects unloaded after import = 1
========================================================================
Received Import Request.
  Time since last request: 0.000013 seconds.
  path: Assets/Assets/Car/source/Materials/Shadow.mat
  artifactKey: Guid(779d23ae97feabd4f975504825cf9328) Importer(815301076,1909f56bfc062723c751e8b465ee728b)
Start importing Assets/Assets/Car/source/Materials/Shadow.mat using Guid(779d23ae97feabd4f975504825cf9328) Importer(815301076,1909f56bfc062723c751e8b465ee728b)  -> (artifact id: 'a131debeb870d002a201d18884f00615') in 0.010462 seconds
Number of updated asset objects reloaded before import = 0
Number of asset objects unloaded after import = 1
Editor requested this worker to shutdown with reason: Scaling down because of idle timeout
TcpMessagingSession - receive error: operation aborted. errorcode: 995, details: The I/O operation has been aborted because of either a thread exit or an application request.
AssetImportWorker is now disconnected from the server
Process exiting
Exiting without the bug reporter. Application will terminate with return code 0